android/app/build/intermediates/manifest_merge_blame_file/debug/manifest-merger-blame-debug-report.txt
1<?xml version="1.0" encoding="utf-8"?>
2<manifest xmlns:android="http://schemas.android.com/apk/res/android"
3    package="io.ionic.starter"
4    android:versionCode="1"
5    android:versionName="1.0" >
6
7    <uses-sdk
8        android:minSdkVersion="22"
9        android:targetSdkVersion="34" />
10
11    <!-- Permissions -->
12
13    <uses-permission android:name="android.permission.INTERNET" />
13-->src\main\AndroidManifest.xml:40:5-67
13-->src\main\AndroidManifest.xml:40:22-64
14    <uses-permission android:name="android.permission.VIBRATE" />
14-->[:capacitor-haptics] AndroidManifest.xml:7:5-66
14-->[:capacitor-haptics] AndroidManifest.xml:7:22-63
15
16    <permission
16-->[androidx.core:core:1.12.0] AndroidManifest.xml:22:5-24:47
17        android:name="io.ionic.starter.DYNAMIC_RECEIVER_NOT_EXPORTED_PERMISSION"
17-->[androidx.core:core:1.12.0] AndroidManifest.xml:23:9-81
18        android:protectionLevel="signature" />
18-->[androidx.core:core:1.12.0] AndroidManifest.xml:24:9-44
19
20    <uses-permission android:name="io.ionic.starter.DYNAMIC_RECEIVER_NOT_EXPORTED_PERMISSION" /> <!-- Although the *SdkVersion is captured in gradle build files, this is required for non gradle builds -->
20-->[androidx.core:core:1.12.0] AndroidManifest.xml:26:5-97
20-->[androidx.core:core:1.12.0] AndroidManifest.xml:26:22-94
21    <!-- <uses-sdk android:minSdkVersion="14"/> -->
22    <uses-permission android:name="android.permission.ACCESS_NETWORK_STATE" />
22-->[com.google.android.datatransport:transport-backend-cct:2.3.3] AndroidManifest.xml:25:5-79
22-->[com.google.android.datatransport:transport-backend-cct:2.3.3] AndroidManifest.xml:25:22-76
23
24    <application
24-->src\main\AndroidManifest.xml:4:5-36:19
25        android:allowBackup="true"
25-->src\main\AndroidManifest.xml:5:9-35
26        android:appComponentFactory="androidx.core.app.CoreComponentFactory"
26-->[androidx.core:core:1.12.0] AndroidManifest.xml:28:18-86
27        android:debuggable="true"
28        android:extractNativeLibs="true"
29        android:icon="@mipmap/ic_launcher"
29-->src\main\AndroidManifest.xml:6:9-43
30        android:label="@string/app_name"
30-->src\main\AndroidManifest.xml:7:9-41
31        android:roundIcon="@mipmap/ic_launcher_round"
31-->src\main\AndroidManifest.xml:8:9-54
32        android:supportsRtl="true"
32-->src\main\AndroidManifest.xml:9:9-35
33        android:theme="@style/AppTheme" >
33-->src\main\AndroidManifest.xml:10:9-40
34        <activity
34-->src\main\AndroidManifest.xml:12:9-25:20
35            android:name="io.ionic.starter.MainActivity"
35-->src\main\AndroidManifest.xml:14:13-41
36            android:configChanges="orientation|keyboardHidden|keyboard|screenSize|locale|smallestScreenSize|screenLayout|uiMode"
36-->src\main\AndroidManifest.xml:13:13-129
37            android:exported="true"
37-->src\main\AndroidManifest.xml:18:13-36
38            android:label="@string/title_activity_main"
38-->src\main\AndroidManifest.xml:15:13-56
39            android:launchMode="singleTask"
39-->src\main\AndroidManifest.xml:17:13-44
40            android:theme="@style/AppTheme.NoActionBarLaunch" >
40-->src\main\AndroidManifest.xml:16:13-62
41            <intent-filter>
41-->src\main\AndroidManifest.xml:20:13-23:29
42                <action android:name="android.intent.action.MAIN" />
42-->src\main\AndroidManifest.xml:21:17-69
42-->src\main\AndroidManifest.xml:21:25-66
43
44                <category android:name="android.intent.category.LAUNCHER" />
44-->src\main\AndroidManifest.xml:22:17-77
44-->src\main\AndroidManifest.xml:22:27-74
45            </intent-filter>
46        </activity>
47
48        <provider
49            android:name="androidx.core.content.FileProvider"
49-->src\main\AndroidManifest.xml:28:13-62
50            android:authorities="io.ionic.starter.fileprovider"
50-->src\main\AndroidManifest.xml:29:13-64
51            android:exported="false"
51-->src\main\AndroidManifest.xml:30:13-37
52            android:grantUriPermissions="true" >
52-->src\main\AndroidManifest.xml:31:13-47
53            <meta-data
53-->src\main\AndroidManifest.xml:32:13-34:64
54                android:name="android.support.FILE_PROVIDER_PATHS"
54-->src\main\AndroidManifest.xml:33:17-67
55                android:resource="@xml/file_paths" />
55-->src\main\AndroidManifest.xml:34:17-51
56        </provider>
57        <!--
58        This activity is an invisible delegate activity to start scanner activity
59        and receive result, so it's unnecessary to support screen orientation and
60        we can avoid any side effect from activity recreation in any case.
61        -->
62        <activity
62-->[com.google.android.gms:play-services-code-scanner:16.1.0] AndroidManifest.xml:15:9-20:20
63            android:name="com.google.mlkit.vision.codescanner.internal.GmsBarcodeScanningDelegateActivity"
63-->[com.google.android.gms:play-services-code-scanner:16.1.0] AndroidManifest.xml:16:13-107
64            android:exported="false"
64-->[com.google.android.gms:play-services-code-scanner:16.1.0] AndroidManifest.xml:17:13-37
65            android:screenOrientation="portrait" >
65-->[com.google.android.gms:play-services-code-scanner:16.1.0] AndroidManifest.xml:18:13-49
66        </activity>
67
68        <service
68-->[com.google.android.gms:play-services-mlkit-barcode-scanning:18.3.0] AndroidManifest.xml:9:9-15:19
69            android:name="com.google.mlkit.common.internal.MlKitComponentDiscoveryService"
69-->[com.google.android.gms:play-services-mlkit-barcode-scanning:18.3.0] AndroidManifest.xml:10:13-91
70            android:directBootAware="true"
70-->[com.google.mlkit:common:18.9.0] AndroidManifest.xml:17:13-43
71            android:exported="false" >
71-->[com.google.android.gms:play-services-mlkit-barcode-scanning:18.3.0] AndroidManifest.xml:11:13-37
72            <meta-data
72-->[com.google.android.gms:play-services-mlkit-barcode-scanning:18.3.0] AndroidManifest.xml:12:13-14:85
73                android:name="com.google.firebase.components:com.google.mlkit.vision.barcode.internal.BarcodeRegistrar"
73-->[com.google.android.gms:play-services-mlkit-barcode-scanning:18.3.0] AndroidManifest.xml:13:17-120
74                android:value="com.google.firebase.components.ComponentRegistrar" />
74-->[com.google.android.gms:play-services-mlkit-barcode-scanning:18.3.0] AndroidManifest.xml:14:17-82
75            <meta-data
75-->[com.google.mlkit:vision-common:17.3.0] AndroidManifest.xml:12:13-14:85
76                android:name="com.google.firebase.components:com.google.mlkit.vision.common.internal.VisionCommonRegistrar"
76-->[com.google.mlkit:vision-common:17.3.0] AndroidManifest.xml:13:17-124
77                android:value="com.google.firebase.components.ComponentRegistrar" />
77-->[com.google.mlkit:vision-common:17.3.0] AndroidManifest.xml:14:17-82
78            <meta-data
78-->[com.google.mlkit:common:18.9.0] AndroidManifest.xml:20:13-22:85
79                android:name="com.google.firebase.components:com.google.mlkit.common.internal.CommonComponentRegistrar"
79-->[com.google.mlkit:common:18.9.0] AndroidManifest.xml:21:17-120
80                android:value="com.google.firebase.components.ComponentRegistrar" />
80-->[com.google.mlkit:common:18.9.0] AndroidManifest.xml:22:17-82
81        </service>
82
83        <provider
83-->[com.google.mlkit:common:18.9.0] AndroidManifest.xml:9:9-13:38
84            android:name="com.google.mlkit.common.internal.MlKitInitProvider"
84-->[com.google.mlkit:common:18.9.0] AndroidManifest.xml:10:13-78
85            android:authorities="io.ionic.starter.mlkitinitprovider"
85-->[com.google.mlkit:common:18.9.0] AndroidManifest.xml:11:13-69
86            android:exported="false"
86-->[com.google.mlkit:common:18.9.0] AndroidManifest.xml:12:13-37
87            android:initOrder="99" />
87-->[com.google.mlkit:common:18.9.0] AndroidManifest.xml:13:13-35
88
89        <activity
89-->[com.google.android.gms:play-services-base:18.1.0] AndroidManifest.xml:20:9-22:45
90            android:name="com.google.android.gms.common.api.GoogleApiActivity"
90-->[com.google.android.gms:play-services-base:18.1.0] AndroidManifest.xml:20:19-85
91            android:exported="false"
91-->[com.google.android.gms:play-services-base:18.1.0] AndroidManifest.xml:22:19-43
92            android:theme="@android:style/Theme.Translucent.NoTitleBar" />
92-->[com.google.android.gms:play-services-base:18.1.0] AndroidManifest.xml:21:19-78
93
94        <meta-data
94-->[com.google.android.gms:play-services-basement:18.1.0] AndroidManifest.xml:21:9-23:69
95            android:name="com.google.android.gms.version"
95-->[com.google.android.gms:play-services-basement:18.1.0] AndroidManifest.xml:22:13-58
96            android:value="@integer/google_play_services_version" />
96-->[com.google.android.gms:play-services-basement:18.1.0] AndroidManifest.xml:23:13-66
97
98        <provider
98-->[androidx.emoji2:emoji2:1.2.0] AndroidManifest.xml:24:9-32:20
99            android:name="androidx.startup.InitializationProvider"
99-->[androidx.emoji2:emoji2:1.2.0] AndroidManifest.xml:25:13-67
100            android:authorities="io.ionic.starter.androidx-startup"
100-->[androidx.emoji2:emoji2:1.2.0] AndroidManifest.xml:26:13-68
101            android:exported="false" >
101-->[androidx.emoji2:emoji2:1.2.0] AndroidManifest.xml:27:13-37
102            <meta-data
102-->[androidx.emoji2:emoji2:1.2.0] AndroidManifest.xml:29:13-31:52
103                android:name="androidx.emoji2.text.EmojiCompatInitializer"
103-->[androidx.emoji2:emoji2:1.2.0] AndroidManifest.xml:30:17-75
104                android:value="androidx.startup" />
104-->[androidx.emoji2:emoji2:1.2.0] AndroidManifest.xml:31:17-49
105            <meta-data
105-->[androidx.lifecycle:lifecycle-process:2.6.1] AndroidManifest.xml:29:13-31:52
106                android:name="androidx.lifecycle.ProcessLifecycleInitializer"
106-->[androidx.lifecycle:lifecycle-process:2.6.1] AndroidManifest.xml:30:17-78
107                android:value="androidx.startup" />
107-->[androidx.lifecycle:lifecycle-process:2.6.1] AndroidManifest.xml:31:17-49
108            <meta-data
108-->[androidx.profileinstaller:profileinstaller:1.3.0] AndroidManifest.xml:29:13-31:52
109                android:name="androidx.profileinstaller.ProfileInstallerInitializer"
109-->[androidx.profileinstaller:profileinstaller:1.3.0] AndroidManifest.xml:30:17-85
110                android:value="androidx.startup" />
110-->[androidx.profileinstaller:profileinstaller:1.3.0] AndroidManifest.xml:31:17-49
111        </provider>
112
113        <service
113-->[androidx.camera:camera-camera2:1.1.0] AndroidManifest.xml:26:9-35:19
114            android:name="androidx.camera.core.impl.MetadataHolderService"
114-->[androidx.camera:camera-camera2:1.1.0] AndroidManifest.xml:27:13-75
115            android:enabled="false"
115-->[androidx.camera:camera-camera2:1.1.0] AndroidManifest.xml:28:13-36
116            android:exported="false" >
116-->[androidx.camera:camera-camera2:1.1.0] AndroidManifest.xml:29:13-37
117            <meta-data
117-->[androidx.camera:camera-camera2:1.1.0] AndroidManifest.xml:32:13-34:89
118                android:name="androidx.camera.core.impl.MetadataHolderService.DEFAULT_CONFIG_PROVIDER"
118-->[androidx.camera:camera-camera2:1.1.0] AndroidManifest.xml:33:17-103
119                android:value="androidx.camera.camera2.Camera2Config$DefaultProvider" />
119-->[androidx.camera:camera-camera2:1.1.0] AndroidManifest.xml:34:17-86
120        </service>
121
122        <receiver
122-->[androidx.profileinstaller:profileinstaller:1.3.0] AndroidManifest.xml:34:9-52:20
123            android:name="androidx.profileinstaller.ProfileInstallReceiver"
123-->[androidx.profileinstaller:profileinstaller:1.3.0] AndroidManifest.xml:35:13-76
124            android:directBootAware="false"
124-->[androidx.profileinstaller:profileinstaller:1.3.0] AndroidManifest.xml:36:13-44
125            android:enabled="true"
125-->[androidx.profileinstaller:profileinstaller:1.3.0] AndroidManifest.xml:37:13-35
126            android:exported="true"
126-->[androidx.profileinstaller:profileinstaller:1.3.0] AndroidManifest.xml:38:13-36
127            android:permission="android.permission.DUMP" >
127-->[androidx.profileinstaller:profileinstaller:1.3.0] AndroidManifest.xml:39:13-57
128            <intent-filter>
128-->[androidx.profileinstaller:profileinstaller:1.3.0] AndroidManifest.xml:40:13-42:29
129                <action android:name="androidx.profileinstaller.action.INSTALL_PROFILE" />
129-->[androidx.profileinstaller:profileinstaller:1.3.0] AndroidManifest.xml:41:17-91
129-->[androidx.profileinstaller:profileinstaller:1.3.0] AndroidManifest.xml:41:25-88
130            </intent-filter>
131            <intent-filter>
131-->[androidx.profileinstaller:profileinstaller:1.3.0] AndroidManifest.xml:43:13-45:29
132                <action android:name="androidx.profileinstaller.action.SKIP_FILE" />
132-->[androidx.profileinstaller:profileinstaller:1.3.0] AndroidManifest.xml:44:17-85
132-->[androidx.profileinstaller:profileinstaller:1.3.0] AndroidManifest.xml:44:25-82
133            </intent-filter>
134            <intent-filter>
134-->[androidx.profileinstaller:profileinstaller:1.3.0] AndroidManifest.xml:46:13-48:29
135                <action android:name="androidx.profileinstaller.action.SAVE_PROFILE" />
135-->[androidx.profileinstaller:profileinstaller:1.3.0] AndroidManifest.xml:47:17-88
135-->[androidx.profileinstaller:profileinstaller:1.3.0] AndroidManifest.xml:47:25-85
136            </intent-filter>
137            <intent-filter>
137-->[androidx.profileinstaller:profileinstaller:1.3.0] AndroidManifest.xml:49:13-51:29
138                <action android:name="androidx.profileinstaller.action.BENCHMARK_OPERATION" />
138-->[androidx.profileinstaller:profileinstaller:1.3.0] AndroidManifest.xml:50:17-95
138-->[androidx.profileinstaller:profileinstaller:1.3.0] AndroidManifest.xml:50:25-92
139            </intent-filter>
140        </receiver>
141
142        <service
142-->[com.google.android.datatransport:transport-backend-cct:2.3.3] AndroidManifest.xml:29:9-35:19
143            android:name="com.google.android.datatransport.runtime.backends.TransportBackendDiscovery"
143-->[com.google.android.datatransport:transport-backend-cct:2.3.3] AndroidManifest.xml:30:13-103
144            android:exported="false" >
144-->[com.google.android.datatransport:transport-backend-cct:2.3.3] AndroidManifest.xml:31:13-37
145            <meta-data
145-->[com.google.android.datatransport:transport-backend-cct:2.3.3] AndroidManifest.xml:32:13-34:39
146                android:name="backend:com.google.android.datatransport.cct.CctBackendFactory"
146-->[com.google.android.datatransport:transport-backend-cct:2.3.3] AndroidManifest.xml:33:17-94
147                android:value="cct" />
147-->[com.google.android.datatransport:transport-backend-cct:2.3.3] AndroidManifest.xml:34:17-36
148        </service>
149        <service
149-->[com.google.android.datatransport:transport-runtime:2.2.6] AndroidManifest.xml:26:9-30:19
150            android:name="com.google.android.datatransport.runtime.scheduling.jobscheduling.JobInfoSchedulerService"
150-->[com.google.android.datatransport:transport-runtime:2.2.6] AndroidManifest.xml:27:13-117
151            android:exported="false"
151-->[com.google.android.datatransport:transport-runtime:2.2.6] AndroidManifest.xml:28:13-37
152            android:permission="android.permission.BIND_JOB_SERVICE" >
152-->[com.google.android.datatransport:transport-runtime:2.2.6] AndroidManifest.xml:29:13-69
153        </service>
154
155        <receiver
155-->[com.google.android.datatransport:transport-runtime:2.2.6] AndroidManifest.xml:32:9-34:40
156            android:name="com.google.android.datatransport.runtime.scheduling.jobscheduling.AlarmManagerSchedulerBroadcastReceiver"
156-->[com.google.android.datatransport:transport-runtime:2.2.6] AndroidManifest.xml:33:13-132
157            android:exported="false" />
157-->[com.google.android.datatransport:transport-runtime:2.2.6] AndroidManifest.xml:34:13-37
158    </application>
159
160</manifest>